-----------------------------------
[Tue Apr  7 15:21:21 +07 2026] Starting Sync Pipeline...
[Tue Apr  7 15:21:21 +07 2026] Updating VLM API...
HEAD is now at e74d2f2 Merge pull request #129 from eggstech/toan-api
[Tue Apr  7 15:21:23 +07 2026] VLM API updated successfully.
[Tue Apr  7 15:21:23 +07 2026] Updating VLM GUI...
HEAD is now at ff7bf00 Merge pull request #43 from eggstech/toan-ui
[Tue Apr  7 15:21:25 +07 2026] VLM GUI updated successfully.
[Tue Apr  7 15:21:25 +07 2026] Sync Pipeline Complete.
-----------------------------------
-----------------------------------
[Tue Apr  7 15:25:14 +07 2026] Starting Sync & Analyze Pipeline...
[Tue Apr  7 15:25:14 +07 2026] Updating VLM API...
HEAD is now at e74d2f2 Merge pull request #129 from eggstech/toan-api
[Tue Apr  7 15:25:15 +07 2026] VLM API updated successfully.
[Tue Apr  7 15:25:15 +07 2026] Running Repomix for VLM API...
✖ Unknown option: --format
Did you mean: --style?
[Tue Apr  7 15:25:17 +07 2026] Repomix analysis for VLM API complete.
[Tue Apr  7 15:25:17 +07 2026] Updating VLM GUI...
HEAD is now at ff7bf00 Merge pull request #43 from eggstech/toan-ui
[Tue Apr  7 15:25:18 +07 2026] VLM GUI updated successfully.
[Tue Apr  7 15:25:18 +07 2026] Running Repomix for VLM GUI...
✖ Unknown option: --format
Did you mean: --style?
[Tue Apr  7 15:25:19 +07 2026] Repomix analysis for VLM GUI complete.
[Tue Apr  7 15:25:19 +07 2026] Pipeline Complete.
-----------------------------------
-----------------------------------
[Tue Apr  7 15:25:42 +07 2026] Starting Sync & Analyze Pipeline...
[Tue Apr  7 15:25:42 +07 2026] Updating VLM API...
HEAD is now at e74d2f2 Merge pull request #129 from eggstech/toan-api
[Tue Apr  7 15:25:44 +07 2026] VLM API updated successfully.
[Tue Apr  7 15:25:44 +07 2026] Running Repomix for VLM API...

📦 Repomix v1.13.1

No custom config found at repomix.config.ts, repomix.config.mts, repomix.config.cts, repomix.config.js, repomix.config.mjs, repomix.config.cjs, repomix.config.json5, repomix.config.jsonc, repomix.config.json or global config at /Users/gryffindor/.config/repomix/repomix.config.ts, /Users/gryffindor/.config/repomix/repomix.config.mts, /Users/gryffindor/.config/repomix/repomix.config.cts, /Users/gryffindor/.config/repomix/repomix.config.js, /Users/gryffindor/.config/repomix/repomix.config.mjs, /Users/gryffindor/.config/repomix/repomix.config.cjs, /Users/gryffindor/.config/repomix/repomix.config.json5, /Users/gryffindor/.config/repomix/repomix.config.jsonc, /Users/gryffindor/.config/repomix/repomix.config.json.
You can add a config file for additional settings. Please check https://github.com/yamadashy/repomix for more information.
[36m⠙[39m Collect file... (497/587) [2mSrc/Infrastructure/Migrations/20260314141518_Booking[22m
[2m_TotalTaget.Designer.cs[22m
[2K[1A[2K[1A[2K[G[36m⠹[39m Running security check...
[2K[1A[2K[G[36m⠸[39m Processing files...
[2K[1A[2K[G[36m⠼[39m Generating output...
[2K[1A[2K[G[36m⠴[39m Calculating metrics...
[2K[1A[2K[G[36m⠦[39m Calculating metrics...
[2K[1A[2K[G[36m⠧[39m Calculating metrics...
[2K[1A[2K[G[36m⠇[39m Calculating metrics...
[2K[1A[2K[G[36m⠏[39m Calculating metrics... (11/50) [2mSrc/Application/Services/Admins/BookingSlotSurc[22m
[2mhargeService.cs[22m
[2K[1A[2K[1A[2K[G[36m⠋[39m Calculating metrics... (22/50) [2mSrc/Infrastructure/Migrations/20260312140608_Up[22m
[2mdateSlotExtands.Designer.cs[22m
[2K[1A[2K[1A[2K[G[36m⠙[39m Calculating metrics... (30/50) [2mSrc/Infrastructure/Migrations/20260314201834_Bo[22m
[2mokingSlot_Status.Designer.cs[22m
[2K[1A[2K[1A[2K[G[36m⠹[39m Calculating metrics... (36/50) [2mSrc/Infrastructure/Migrations/20260324101251_Ro[22m
[2momTypes.Designer.cs[22m
[2K[1A[2K[1A[2K[G[36m⠸[39m Calculating metrics... (37/50) [2mSrc/Infrastructure/Migrations/20260325105737_Em[22m
[2mailNotification.Designer.cs[22m
[2K[1A[2K[1A[2K[G[36m⠼[39m Calculating metrics... (41/50) [2mSrc/Infrastructure/Migrations/20260401065435_To[22m
[2mtalSlotSurcharge.Designer.cs[22m
[2K[1A[2K[1A[2K[G[36m⠴[39m Calculating metrics... (49/50) [2mSrc/WebApi/Controllers/Commons/WorkflowStateCon[22m
[2mtroller.cs[22m
[2K[1A[2K[1A[2K[G[36m⠦[39m Calculating metrics... (49/50) [2mSrc/WebApi/Controllers/Commons/WorkflowStateCon[22m
[2mtroller.cs[22m
[2K[1A[2K[1A[2K[G[36m⠧[39m Calculating metrics... (49/50) [2mSrc/WebApi/Controllers/Commons/WorkflowStateCon[22m
[2mtroller.cs[22m
[2K[1A[2K[1A[2K[G[36m⠇[39m Calculating metrics... (49/50) [2mSrc/WebApi/Controllers/Commons/WorkflowStateCon[22m
[2mtroller.cs[22m
[2K[1A[2K[1A[2K[G[36m⠏[39m Calculating metrics... (49/50) [2mSrc/WebApi/Controllers/Commons/WorkflowStateCon[22m
[2mtroller.cs[22m
[2K[1A[2K[1A[2K[G[36m⠋[39m Calculating metrics... (49/50) [2mSrc/WebApi/Controllers/Commons/WorkflowStateCon[22m
[2mtroller.cs[22m
[2K[1A[2K[1A[2K[G[36m⠙[39m Calculating metrics... (49/50) [2mSrc/WebApi/Controllers/Commons/WorkflowStateCon[22m
[2mtroller.cs[22m
[2K[1A[2K[1A[2K[G[36m⠹[39m Calculating metrics... (49/50) [2mSrc/WebApi/Controllers/Commons/WorkflowStateCon[22m
[2mtroller.cs[22m
[2K[1A[2K[1A[2K[G[36m⠸[39m Calculating metrics... (50/50) [2mSrc/Infrastructure/DataSeeds/Data/Administrativ[22m
[2meDivision.json[22m
[2K[1A[2K[1A[2K[G[32m✔[39m Packing completed successfully!

📈 Top 5 Files by Token Count:
──────────────────────────────
1.  Src/Infrastructure/DataSeeds/Data/AdministrativeDivision.json (670,512 tokens, 1,958,605 chars, 46.1%)
2.  Src/Infrastructure/DataSeeds/Data/NewAdministrativeDivision.json (153,149 tokens, 430,119 chars, 10.5%)
3.  Src/Infrastructure/Migrations/20260404061745_Init_CancelReason.Designer.cs (18,151 tokens, 105,622 chars, 1.2%)
4.  Src/Infrastructure/Migrations/ApplicationDbContextModelSnapshot.cs (18,128 tokens, 105,521 chars, 1.2%)
5.  Src/Infrastructure/Migrations/20260403154455_Update_AcceptanceReport_V4.Designer.cs (18,121 tokens, 105,426 chars, 1.2%)

🔎 Security Check:
──────────────────
✔ No suspicious files detected.


📊 Pack Summary:
────────────────
  Total Files: 587 files
 Total Tokens: 1,454,888 tokens
  Total Chars: 5,703,424 chars
       Output: /Users/gryffindor/Desktop/antigra_conversation/bmad-vbl/vlm-testing/repomix-outputs/vlm-api-packed.xml
     Security: ✔ No suspicious files detected

🎉 All Done!
Your repository has been successfully packed.

💡 Repomix is now available in your browser! Try it at https://repomix.com
[Tue Apr  7 15:25:47 +07 2026] Repomix analysis for VLM API complete.
[Tue Apr  7 15:25:47 +07 2026] Updating VLM GUI...
HEAD is now at ff7bf00 Merge pull request #43 from eggstech/toan-ui
[Tue Apr  7 15:25:49 +07 2026] VLM GUI updated successfully.
[Tue Apr  7 15:25:49 +07 2026] Running Repomix for VLM GUI...

📦 Repomix v1.13.1

No custom config found at repomix.config.ts, repomix.config.mts, repomix.config.cts, repomix.config.js, repomix.config.mjs, repomix.config.cjs, repomix.config.json5, repomix.config.jsonc, repomix.config.json or global config at /Users/gryffindor/.config/repomix/repomix.config.ts, /Users/gryffindor/.config/repomix/repomix.config.mts, /Users/gryffindor/.config/repomix/repomix.config.cts, /Users/gryffindor/.config/repomix/repomix.config.js, /Users/gryffindor/.config/repomix/repomix.config.mjs, /Users/gryffindor/.config/repomix/repomix.config.cjs, /Users/gryffindor/.config/repomix/repomix.config.json5, /Users/gryffindor/.config/repomix/repomix.config.jsonc, /Users/gryffindor/.config/repomix/repomix.config.json.
You can add a config file for additional settings. Please check https://github.com/yamadashy/repomix for more information.
[36m⠙[39m Collect file... (529/822) [2mpublic/media/illustrations/20.svg[22m
[2K[1A[2K[G[36m⠹[39m Running security check...
[2K[1A[2K[G[36m⠸[39m Running security check... (546/668) [2msrc/components/master-data/RolesAccessTab.[22m
[2mvue[22m
[2K[1A[2K[1A[2K[G[36m⠼[39m Processing file... (16/668) [2mpublic/media/app/mini-logo-primary-dark.svg[22m
[2K[1A[2K[G[36m⠴[39m Writing output file...
[2K[1A[2K[G[36m⠦[39m Calculating metrics...
[2K[1A[2K[G[36m⠧[39m Calculating metrics...
[2K[1A[2K[G[36m⠇[39m Calculating metrics...
[2K[1A[2K[G[36m⠏[39m Calculating metrics...
[2K[1A[2K[G[36m⠋[39m Calculating metrics...
[2K[1A[2K[G[36m⠙[39m Calculating metrics... (5/50) [2mpublic/media/brand-logos/mailchimp-1.svg[22m
[2K[1A[2K[G[36m⠹[39m Calculating metrics... (10/50) [2mpublic/media/illustrations/12.svg[22m
[2K[1A[2K[G[36m⠸[39m Calculating metrics... (23/50) [2mpublic/media/illustrations/24.svg[22m
[2K[1A[2K[G[36m⠼[39m Calculating metrics... (39/50) [2msrc/components/my-booking/BookingDetailDrawer.v[22m
[2mue[22m
[2K[1A[2K[1A[2K[G[36m⠴[39m Calculating metrics... (46/50) [2msrc/apis/definitions/identity.json[22m
[2K[1A[2K[G[36m⠦[39m Calculating metrics... (48/50) [2msrc/components/my-booking/BookingPhaseRenderer.[22m
[2mvue[22m
[2K[1A[2K[1A[2K[G[36m⠧[39m Calculating metrics... (49/50) [2msrc/apis/schemas/lop.d.ts[22m
[2K[1A[2K[G[36m⠇[39m Calculating metrics... (50/50) [2msrc/apis/definitions/lop.json[22m
[2K[1A[2K[G[36m⠏[39m Calculating metrics... (50/50) [2msrc/apis/definitions/lop.json[22m
[2K[1A[2K[G[36m⠋[39m Calculating metrics... (50/50) [2msrc/apis/definitions/lop.json[22m
[2K[1A[2K[G[36m⠙[39m Calculating metrics... (50/50) [2msrc/apis/definitions/lop.json[22m
[2K[1A[2K[G[36m⠹[39m Calculating metrics... (50/50) [2msrc/apis/definitions/lop.json[22m
[2K[1A[2K[G[36m⠸[39m Calculating metrics... (50/50) [2msrc/apis/definitions/lop.json[22m
[2K[1A[2K[G[36m⠼[39m Calculating metrics... (50/50) [2msrc/apis/definitions/lop.json[22m
[2K[1A[2K[G[36m⠴[39m Calculating metrics... (50/50) [2msrc/apis/definitions/lop.json[22m
[2K[1A[2K[G[36m⠦[39m Calculating metrics... (50/50) [2msrc/apis/definitions/lop.json[22m
[2K[1A[2K[G[32m✔[39m Packing completed successfully!

📈 Top 5 Files by Token Count:
──────────────────────────────
1.  public/media/brand-logos/boomerang.svg (331,781 tokens, 488,055 chars, 8%)
2.  src/apis/definitions/lop.json (224,180 tokens, 1,429,729 chars, 5.4%)
3.  src/apis/schemas/lop.d.ts (155,022 tokens, 870,072 chars, 3.7%)
4.  public/media/illustrations/14.svg (102,059 tokens, 197,983 chars, 2.5%)
5.  public/media/illustrations/15.svg (100,269 tokens, 195,066 chars, 2.4%)

🔎 Security Check:
──────────────────
✔ No suspicious files detected.


📊 Pack Summary:
────────────────
  Total Files: 668 files
 Total Tokens: 4,153,001 tokens
  Total Chars: 10,472,431 chars
       Output: /Users/gryffindor/Desktop/antigra_conversation/bmad-vbl/vlm-testing/repomix-outputs/vlm-gui-packed.xml
     Security: ✔ No suspicious files detected

🎉 All Done!
Your repository has been successfully packed.

💡 Repomix is now available in your browser! Try it at https://repomix.com
[Tue Apr  7 15:25:52 +07 2026] Repomix analysis for VLM GUI complete.
[Tue Apr  7 15:25:52 +07 2026] Pipeline Complete.
-----------------------------------
